# JRE version: OpenJDK Runtime Environment (21.0.3) (build 21.0.3+-12282718-b509.11)
# Java VM: OpenJDK 64-Bit Server VM (21.0.3+-12282718-b509.11, mixed mode, tiered, compressed oops, compressed class ptrs, g1 gc, windows-amd64)
GC Precious Log:
 CardTable entry size: 512
 Card Set container configuration: InlinePtr #cards 5 size 8 Array Of Cards #cards 12 size 40 Howl #buckets 4 coarsen threshold 1843 Howl Bitmap #cards 512 size 80 coarsen threshold 460 Card regions per heap region 1 cards per card region 2048
 CPUs: 12 total, 12 available
 Memory: 7895M
 Large Page Support: Disabled
 NUMA Support: Disabled
 Compressed Oops: Enabled (32-bit)
 Heap Region Size: 1M
 Heap Min Capacity: 8M
 Heap Initial Capacity: 124M
 Heap Max Capacity: 1974M
 Pre-touch: Disabled
 Parallel Workers: 10
 Concurrent Workers: 3
 Concurrent Refinement Workers: 10
 Periodic GC: Disabled
Heap:
 garbage-first heap   total 181248K, used 114129K [0x0000000084a00000, 0x0000000100000000)
  region size 1024K, 21 young (21504K), 6 survivors (6144K)
 Metaspace       used 63993K, committed 64256K, reserved 1114112K
  class space    used 7136K, committed 7232K, reserved 1048576K
GC Heap History (20 events):
Event: 3.824 GC heap before
{Heap before GC invocations=19 (full 0):
 garbage-first heap   total 80896K, used 68179K [0x0000000084a00000, 0x0000000100000000)
  region size 1024K, 19 young (19456K), 3 survivors (3072K)
 Metaspace       used 52843K, committed 53120K, reserved 1114112K
  class space    used 6103K, committed 6208K, reserved 1048576K
}
Event: 3.832 GC heap after
{Heap after GC invocations=20 (full 0):
 garbage-first heap   total 80896K, used 56212K [0x0000000084a00000, 0x0000000100000000)
  region size 1024K, 3 young (3072K), 3 survivors (3072K)
 Metaspace       used 52843K, committed 53120K, reserved 1114112K
  class space    used 6103K, committed 6208K, reserved 1048576K
}
Event: 4.057 GC heap before
{Heap before GC invocations=21 (full 0):
 garbage-first heap   total 99328K, used 69524K [0x0000000084a00000, 0x0000000100000000)
  region size 1024K, 17 young (17408K), 3 survivors (3072K)
 Metaspace       used 54782K, committed 55040K, reserved 1114112K
  class space    used 6336K, committed 6464K, reserved 1048576K
}
Event: 4.066 GC heap after
{Heap after GC invocations=22 (full 0):
 garbage-first heap   total 99328K, used 59329K [0x0000000084a00000, 0x0000000100000000)
  region size 1024K, 3 young (3072K), 3 survivors (3072K)
 Metaspace       used 54782K, committed 55040K, reserved 1114112K
  class space    used 6336K, committed 6464K, reserved 1048576K
}
Event: 4.390 GC heap before
{Heap before GC invocations=22 (full 0):
 garbage-first heap   total 99328K, used 81857K [0x0000000084a00000, 0x0000000100000000)
  region size 1024K, 25 young (25600K), 3 survivors (3072K)
 Metaspace       used 57662K, committed 57984K, reserved 1114112K
  class space    used 6687K, committed 6784K, reserved 1048576K
}
Event: 4.398 GC heap after
{Heap after GC invocations=23 (full 0):
 garbage-first heap   total 99328K, used 61844K [0x0000000084a00000, 0x0000000100000000)
  region size 1024K, 3 young (3072K), 3 survivors (3072K)
 Metaspace       used 57662K, committed 57984K, reserved 1114112K
  class space    used 6687K, committed 6784K, reserved 1048576K
}
Event: 4.664 GC heap before
{Heap before GC invocations=23 (full 0):
 garbage-first heap   total 99328K, used 84372K [0x0000000084a00000, 0x0000000100000000)
  region size 1024K, 25 young (25600K), 3 survivors (3072K)
 Metaspace       used 58266K, committed 58560K, reserved 1114112K
  class space    used 6746K, committed 6848K, reserved 1048576K
}
Event: 4.673 GC heap after
{Heap after GC invocations=24 (full 0):
 garbage-first heap   total 130048K, used 68162K [0x0000000084a00000, 0x0000000100000000)
  region size 1024K, 4 young (4096K), 4 survivors (4096K)
 Metaspace       used 58266K, committed 58560K, reserved 1114112K
  class space    used 6746K, committed 6848K, reserved 1048576K
}
Event: 5.388 GC heap before
{Heap before GC invocations=25 (full 0):
 garbage-first heap   total 130048K, used 105026K [0x0000000084a00000, 0x0000000100000000)
  region size 1024K, 40 young (40960K), 4 survivors (4096K)
 Metaspace       used 60641K, committed 60928K, reserved 1114112K
  class space    used 7007K, committed 7104K, reserved 1048576K
}
Event: 5.400 GC heap after
{Heap after GC invocations=26 (full 0):
 garbage-first heap   total 130048K, used 75650K [0x0000000084a00000, 0x0000000100000000)
  region size 1024K, 5 young (5120K), 5 survivors (5120K)
 Metaspace       used 60641K, committed 60928K, reserved 1114112K
  class space    used 7007K, committed 7104K, reserved 1048576K
}
Event: 5.872 GC heap before
{Heap before GC invocations=26 (full 0):
 garbage-first heap   total 130048K, used 108418K [0x0000000084a00000, 0x0000000100000000)
  region size 1024K, 37 young (37888K), 5 survivors (5120K)
 Metaspace       used 61435K, committed 61760K, reserved 1114112K
  class space    used 7032K, committed 7168K, reserved 1048576K
}
Event: 5.885 GC heap after
{Heap after GC invocations=27 (full 0):
 garbage-first heap   total 130048K, used 82836K [0x0000000084a00000, 0x0000000100000000)
  region size 1024K, 5 young (5120K), 5 survivors (5120K)
 Metaspace       used 61435K, committed 61760K, reserved 1114112K
  class space    used 7032K, committed 7168K, reserved 1048576K
}
Event: 6.422 GC heap before
{Heap before GC invocations=27 (full 0):
 garbage-first heap   total 130048K, used 111508K [0x0000000084a00000, 0x0000000100000000)
  region size 1024K, 33 young (33792K), 5 survivors (5120K)
 Metaspace       used 62540K, committed 62784K, reserved 1114112K
  class space    used 7068K, committed 7168K, reserved 1048576K
}
Event: 6.429 GC heap after
{Heap after GC invocations=28 (full 0):
 garbage-first heap   total 130048K, used 87424K [0x0000000084a00000, 0x0000000100000000)
  region size 1024K, 4 young (4096K), 4 survivors (4096K)
 Metaspace       used 62540K, committed 62784K, reserved 1114112K
  class space    used 7068K, committed 7168K, reserved 1048576K
}
Event: 6.887 GC heap before
{Heap before GC invocations=29 (full 0):
 garbage-first heap   total 150528K, used 113024K [0x0000000084a00000, 0x0000000100000000)
  region size 1024K, 30 young (30720K), 4 survivors (4096K)
 Metaspace       used 62937K, committed 63232K, reserved 1114112K
  class space    used 7082K, committed 7232K, reserved 1048576K
}
Event: 6.895 GC heap after
{Heap after GC invocations=30 (full 0):
 garbage-first heap   total 150528K, used 90275K [0x0000000084a00000, 0x0000000100000000)
  region size 1024K, 4 young (4096K), 4 survivors (4096K)
 Metaspace       used 62937K, committed 63232K, reserved 1114112K
  class space    used 7082K, committed 7232K, reserved 1048576K
}
Event: 7.503 GC heap before
{Heap before GC invocations=30 (full 0):
 garbage-first heap   total 150528K, used 128163K [0x0000000084a00000, 0x0000000100000000)
  region size 1024K, 41 young (41984K), 4 survivors (4096K)
 Metaspace       used 63535K, committed 63808K, reserved 1114112K
  class space    used 7128K, committed 7232K, reserved 1048576K
}
Event: 7.516 GC heap after
{Heap after GC invocations=31 (full 0):
 garbage-first heap   total 150528K, used 94100K [0x0000000084a00000, 0x0000000100000000)
  region size 1024K, 6 young (6144K), 6 survivors (6144K)
 Metaspace       used 63535K, committed 63808K, reserved 1114112K
  class space    used 7128K, committed 7232K, reserved 1048576K
}
Event: 8.407 GC heap before
{Heap before GC invocations=31 (full 0):
 garbage-first heap   total 150528K, used 131988K [0x0000000084a00000, 0x0000000100000000)
  region size 1024K, 43 young (44032K), 6 survivors (6144K)
 Metaspace       used 63860K, committed 64128K, reserved 1114112K
  class space    used 7133K, committed 7232K, reserved 1048576K
}
Event: 8.422 GC heap after
{Heap after GC invocations=32 (full 0):
 garbage-first heap   total 181248K, used 99793K [0x0000000084a00000, 0x0000000100000000)
  region size 1024K, 6 young (6144K), 6 survivors (6144K)
 Metaspace       used 63860K, committed 64128K, reserved 1114112K
  class space    used 7133K, committed 7232K, reserved 1048576K
}

