# JRE version: OpenJDK Runtime Environment (21.0.3) (build 21.0.3+-12282718-b509.11)
# Java VM: OpenJDK 64-Bit Server VM (21.0.3+-12282718-b509.11, mixed mode, tiered, compressed oops, compressed class ptrs, g1 gc, windows-amd64)
GC Precious Log:
 CardTable entry size: 512
 Card Set container configuration: InlinePtr #cards 5 size 8 Array Of Cards #cards 12 size 40 Howl #buckets 4 coarsen threshold 1843 Howl Bitmap #cards 512 size 80 coarsen threshold 460 Card regions per heap region 1 cards per card region 2048
 CPUs: 12 total, 12 available
 Memory: 7895M
 Large Page Support: Disabled
 NUMA Support: Disabled
 Compressed Oops: Enabled (32-bit)
 Heap Region Size: 1M
 Heap Min Capacity: 8M
 Heap Initial Capacity: 124M
 Heap Max Capacity: 1974M
 Pre-touch: Disabled
 Parallel Workers: 10
 Concurrent Workers: 3
 Concurrent Refinement Workers: 10
 Periodic GC: Disabled
Heap:
 garbage-first heap   total 244736K, used 160270K [0x0000000084a00000, 0x0000000100000000)
  region size 1024K, 7 young (7168K), 7 survivors (7168K)
 Metaspace       used 81795K, committed 82176K, reserved 1179648K
  class space    used 8593K, committed 8768K, reserved 1048576K
GC Heap History (20 events):
Event: 7.371 GC heap after
{Heap after GC invocations=23 (full 0):
 garbage-first heap   total 156672K, used 90308K [0x0000000084a00000, 0x0000000100000000)
  region size 1024K, 6 young (6144K), 6 survivors (6144K)
 Metaspace       used 63033K, committed 63360K, reserved 1114112K
  class space    used 7083K, committed 7232K, reserved 1048576K
}
Event: 9.980 GC heap before
{Heap before GC invocations=24 (full 0):
 garbage-first heap   total 156672K, used 132292K [0x0000000084a00000, 0x0000000100000000)
  region size 1024K, 48 young (49152K), 6 survivors (6144K)
 Metaspace       used 63740K, committed 64000K, reserved 1114112K
  class space    used 7128K, committed 7232K, reserved 1048576K
}
Event: 9.994 GC heap after
{Heap after GC invocations=25 (full 0):
 garbage-first heap   total 156672K, used 95287K [0x0000000084a00000, 0x0000000100000000)
  region size 1024K, 6 young (6144K), 6 survivors (6144K)
 Metaspace       used 63740K, committed 64000K, reserved 1114112K
  class space    used 7128K, committed 7232K, reserved 1048576K
}
Event: 11.561 GC heap before
{Heap before GC invocations=25 (full 0):
 garbage-first heap   total 156672K, used 135223K [0x0000000084a00000, 0x0000000100000000)
  region size 1024K, 45 young (46080K), 6 survivors (6144K)
 Metaspace       used 64061K, committed 64320K, reserved 1114112K
  class space    used 7133K, committed 7232K, reserved 1048576K
}
Event: 11.578 GC heap after
{Heap after GC invocations=26 (full 0):
 garbage-first heap   total 156672K, used 100579K [0x0000000084a00000, 0x0000000100000000)
  region size 1024K, 6 young (6144K), 6 survivors (6144K)
 Metaspace       used 64061K, committed 64320K, reserved 1114112K
  class space    used 7133K, committed 7232K, reserved 1048576K
}
Event: 13.100 GC heap before
{Heap before GC invocations=26 (full 0):
 garbage-first heap   total 156672K, used 136419K [0x0000000084a00000, 0x0000000100000000)
  region size 1024K, 42 young (43008K), 6 survivors (6144K)
 Metaspace       used 66568K, committed 66880K, reserved 1114112K
  class space    used 7383K, committed 7552K, reserved 1048576K
}
Event: 13.113 GC heap after
{Heap after GC invocations=27 (full 0):
 garbage-first heap   total 156672K, used 107289K [0x0000000084a00000, 0x0000000100000000)
  region size 1024K, 6 young (6144K), 6 survivors (6144K)
 Metaspace       used 66568K, committed 66880K, reserved 1114112K
  class space    used 7383K, committed 7552K, reserved 1048576K
}
Event: 15.983 GC heap before
{Heap before GC invocations=28 (full 0):
 garbage-first heap   total 181248K, used 140057K [0x0000000084a00000, 0x0000000100000000)
  region size 1024K, 38 young (38912K), 6 survivors (6144K)
 Metaspace       used 68437K, committed 68800K, reserved 1114112K
  class space    used 7467K, committed 7616K, reserved 1048576K
}
Event: 16.005 GC heap after
{Heap after GC invocations=29 (full 0):
 garbage-first heap   total 181248K, used 109733K [0x0000000084a00000, 0x0000000100000000)
  region size 1024K, 2 young (2048K), 2 survivors (2048K)
 Metaspace       used 68437K, committed 68800K, reserved 1114112K
  class space    used 7467K, committed 7616K, reserved 1048576K
}
Event: 16.832 GC heap before
{Heap before GC invocations=29 (full 0):
 garbage-first heap   total 181248K, used 159909K [0x0000000084a00000, 0x0000000100000000)
  region size 1024K, 51 young (52224K), 2 survivors (2048K)
 Metaspace       used 68795K, committed 69184K, reserved 1114112K
  class space    used 7496K, committed 7680K, reserved 1048576K
}
Event: 16.851 GC heap after
{Heap after GC invocations=30 (full 0):
 garbage-first heap   total 181248K, used 118660K [0x0000000084a00000, 0x0000000100000000)
  region size 1024K, 7 young (7168K), 7 survivors (7168K)
 Metaspace       used 68795K, committed 69184K, reserved 1114112K
  class space    used 7496K, committed 7680K, reserved 1048576K
}
Event: 17.937 GC heap before
{Heap before GC invocations=30 (full 0):
 garbage-first heap   total 181248K, used 161668K [0x0000000084a00000, 0x0000000100000000)
  region size 1024K, 49 young (50176K), 7 survivors (7168K)
 Metaspace       used 73683K, committed 74048K, reserved 1179648K
  class space    used 7895K, committed 8064K, reserved 1048576K
}
Event: 17.954 GC heap after
{Heap after GC invocations=31 (full 0):
 garbage-first heap   total 181248K, used 125172K [0x0000000084a00000, 0x0000000100000000)
  region size 1024K, 6 young (6144K), 6 survivors (6144K)
 Metaspace       used 73683K, committed 74048K, reserved 1179648K
  class space    used 7895K, committed 8064K, reserved 1048576K
}
Event: 19.745 GC heap before
{Heap before GC invocations=32 (full 0):
 garbage-first heap   total 211968K, used 163060K [0x0000000084a00000, 0x0000000100000000)
  region size 1024K, 43 young (44032K), 6 survivors (6144K)
 Metaspace       used 76292K, committed 76672K, reserved 1179648K
  class space    used 8146K, committed 8320K, reserved 1048576K
}
Event: 19.767 GC heap after
{Heap after GC invocations=33 (full 0):
 garbage-first heap   total 211968K, used 131972K [0x0000000084a00000, 0x0000000100000000)
  region size 1024K, 6 young (6144K), 6 survivors (6144K)
 Metaspace       used 76292K, committed 76672K, reserved 1179648K
  class space    used 8146K, committed 8320K, reserved 1048576K
}
Event: 21.770 GC heap before
{Heap before GC invocations=33 (full 0):
 garbage-first heap   total 211968K, used 187268K [0x0000000084a00000, 0x0000000100000000)
  region size 1024K, 60 young (61440K), 6 survivors (6144K)
 Metaspace       used 78007K, committed 78400K, reserved 1179648K
  class space    used 8255K, committed 8448K, reserved 1048576K
}
Event: 21.807 GC heap after
{Heap after GC invocations=34 (full 0):
 garbage-first heap   total 211968K, used 140676K [0x0000000084a00000, 0x0000000100000000)
  region size 1024K, 8 young (8192K), 8 survivors (8192K)
 Metaspace       used 78007K, committed 78400K, reserved 1179648K
  class space    used 8255K, committed 8448K, reserved 1048576K
}
Event: 23.060 GC heap before
{Heap before GC invocations=34 (full 0):
 garbage-first heap   total 211968K, used 188804K [0x0000000084a00000, 0x0000000100000000)
  region size 1024K, 55 young (56320K), 8 survivors (8192K)
 Metaspace       used 80273K, committed 80640K, reserved 1179648K
  class space    used 8439K, committed 8640K, reserved 1048576K
}
Event: 23.084 GC heap after
{Heap after GC invocations=35 (full 0):
 garbage-first heap   total 211968K, used 144927K [0x0000000084a00000, 0x0000000100000000)
  region size 1024K, 4 young (4096K), 4 survivors (4096K)
 Metaspace       used 80273K, committed 80640K, reserved 1179648K
  class space    used 8439K, committed 8640K, reserved 1048576K
}
Event: 26.182 GC heap before
{Heap before GC invocations=36 (full 0):
 garbage-first heap   total 244736K, used 192031K [0x0000000084a00000, 0x0000000100000000)
  region size 1024K, 50 young (51200K), 4 survivors (4096K)
 Metaspace       used 81795K, committed 82176K, reserved 1179648K
  class space    used 8593K, committed 8768K, reserved 1048576K
}

