# JRE version: OpenJDK Runtime Environment (21.0.3) (build 21.0.3+-12282718-b509.11)
# Java VM: OpenJDK 64-Bit Server VM (21.0.3+-12282718-b509.11, mixed mode, tiered, compressed oops, compressed class ptrs, g1 gc, windows-amd64)
GC Precious Log:
 CardTable entry size: 512
 Card Set container configuration: InlinePtr #cards 5 size 8 Array Of Cards #cards 12 size 40 Howl #buckets 4 coarsen threshold 1843 Howl Bitmap #cards 512 size 80 coarsen threshold 460 Card regions per heap region 1 cards per card region 2048
 CPUs: 12 total, 12 available
 Memory: 7895M
 Large Page Support: Disabled
 NUMA Support: Disabled
 Compressed Oops: Enabled (32-bit)
 Heap Region Size: 1M
 Heap Min Capacity: 8M
 Heap Initial Capacity: 124M
 Heap Max Capacity: 1974M
 Pre-touch: Disabled
 Parallel Workers: 10
 Concurrent Workers: 3
 Concurrent Refinement Workers: 10
 Periodic GC: Disabled
Heap:
 garbage-first heap   total 131072K, used 55076K [0x0000000084a00000, 0x0000000100000000)
  region size 1024K, 3 young (3072K), 3 survivors (3072K)
 Metaspace       used 52792K, committed 53056K, reserved 1114112K
  class space    used 6103K, committed 6208K, reserved 1048576K
GC Heap History (20 events):
Event: 1.187 GC heap after
{Heap after GC invocations=6 (full 0):
 garbage-first heap   total 38912K, used 19731K [0x0000000084a00000, 0x0000000100000000)
  region size 1024K, 1 young (1024K), 1 survivors (1024K)
 Metaspace       used 27373K, committed 27648K, reserved 1114112K
  class space    used 2991K, committed 3072K, reserved 1048576K
}
Event: 1.343 GC heap before
{Heap before GC invocations=6 (full 0):
 garbage-first heap   total 38912K, used 29971K [0x0000000084a00000, 0x0000000100000000)
  region size 1024K, 12 young (12288K), 1 survivors (1024K)
 Metaspace       used 30877K, committed 31168K, reserved 1114112K
  class space    used 3806K, committed 3968K, reserved 1048576K
}
Event: 1.347 GC heap after
{Heap after GC invocations=7 (full 0):
 garbage-first heap   total 55296K, used 20890K [0x0000000084a00000, 0x0000000100000000)
  region size 1024K, 2 young (2048K), 2 survivors (2048K)
 Metaspace       used 30877K, committed 31168K, reserved 1114112K
  class space    used 3806K, committed 3968K, reserved 1048576K
}
Event: 1.556 GC heap before
{Heap before GC invocations=8 (full 0):
 garbage-first heap   total 55296K, used 42394K [0x0000000084a00000, 0x0000000100000000)
  region size 1024K, 24 young (24576K), 2 survivors (2048K)
 Metaspace       used 36292K, committed 36544K, reserved 1114112K
  class space    used 4347K, committed 4480K, reserved 1048576K
}
Event: 1.560 GC heap after
{Heap after GC invocations=9 (full 0):
 garbage-first heap   total 55296K, used 22215K [0x0000000084a00000, 0x0000000100000000)
  region size 1024K, 3 young (3072K), 3 survivors (3072K)
 Metaspace       used 36292K, committed 36544K, reserved 1114112K
  class space    used 4347K, committed 4480K, reserved 1048576K
}
Event: 1.917 GC heap before
{Heap before GC invocations=9 (full 0):
 garbage-first heap   total 55296K, used 44743K [0x0000000084a00000, 0x0000000100000000)
  region size 1024K, 25 young (25600K), 3 survivors (3072K)
 Metaspace       used 39760K, committed 40064K, reserved 1114112K
  class space    used 4661K, committed 4800K, reserved 1048576K
}
Event: 1.925 GC heap after
{Heap after GC invocations=10 (full 0):
 garbage-first heap   total 55296K, used 25519K [0x0000000084a00000, 0x0000000100000000)
  region size 1024K, 4 young (4096K), 4 survivors (4096K)
 Metaspace       used 39760K, committed 40064K, reserved 1114112K
  class space    used 4661K, committed 4800K, reserved 1048576K
}
Event: 2.175 GC heap before
{Heap before GC invocations=10 (full 0):
 garbage-first heap   total 55296K, used 44975K [0x0000000084a00000, 0x0000000100000000)
  region size 1024K, 24 young (24576K), 4 survivors (4096K)
 Metaspace       used 43312K, committed 43584K, reserved 1114112K
  class space    used 5026K, committed 5120K, reserved 1048576K
}
Event: 2.183 GC heap after
{Heap after GC invocations=11 (full 0):
 garbage-first heap   total 55296K, used 28751K [0x0000000084a00000, 0x0000000100000000)
  region size 1024K, 3 young (3072K), 3 survivors (3072K)
 Metaspace       used 43312K, committed 43584K, reserved 1114112K
  class space    used 5026K, committed 5120K, reserved 1048576K
}
Event: 2.455 GC heap before
{Heap before GC invocations=11 (full 0):
 garbage-first heap   total 55296K, used 46159K [0x0000000084a00000, 0x0000000100000000)
  region size 1024K, 20 young (20480K), 3 survivors (3072K)
 Metaspace       used 46118K, committed 46400K, reserved 1114112K
  class space    used 5293K, committed 5440K, reserved 1048576K
}
Event: 2.461 GC heap after
{Heap after GC invocations=12 (full 0):
 garbage-first heap   total 66560K, used 31535K [0x0000000084a00000, 0x0000000100000000)
  region size 1024K, 3 young (3072K), 3 survivors (3072K)
 Metaspace       used 46118K, committed 46400K, reserved 1114112K
  class space    used 5293K, committed 5440K, reserved 1048576K
}
Event: 2.614 GC heap before
{Heap before GC invocations=13 (full 0):
 garbage-first heap   total 66560K, used 56111K [0x0000000084a00000, 0x0000000100000000)
  region size 1024K, 26 young (26624K), 3 survivors (3072K)
 Metaspace       used 46581K, committed 46784K, reserved 1114112K
  class space    used 5342K, committed 5440K, reserved 1048576K
}
Event: 2.623 GC heap after
{Heap after GC invocations=14 (full 0):
 garbage-first heap   total 66560K, used 39694K [0x0000000084a00000, 0x0000000100000000)
  region size 1024K, 4 young (4096K), 4 survivors (4096K)
 Metaspace       used 46581K, committed 46784K, reserved 1114112K
  class space    used 5342K, committed 5440K, reserved 1048576K
}
Event: 2.702 GC heap before
{Heap before GC invocations=14 (full 0):
 garbage-first heap   total 66560K, used 55054K [0x0000000084a00000, 0x0000000100000000)
  region size 1024K, 20 young (20480K), 4 survivors (4096K)
 Metaspace       used 46707K, committed 46976K, reserved 1114112K
  class space    used 5349K, committed 5440K, reserved 1048576K
}
Event: 2.712 GC heap after
{Heap after GC invocations=15 (full 0):
 garbage-first heap   total 67584K, used 46053K [0x0000000084a00000, 0x0000000100000000)
  region size 1024K, 3 young (3072K), 3 survivors (3072K)
 Metaspace       used 46707K, committed 46976K, reserved 1114112K
  class space    used 5349K, committed 5440K, reserved 1048576K
}
Event: 2.892 GC heap before
{Heap before GC invocations=15 (full 0):
 garbage-first heap   total 67584K, used 57317K [0x0000000084a00000, 0x0000000100000000)
  region size 1024K, 14 young (14336K), 3 survivors (3072K)
 Metaspace       used 50635K, committed 50880K, reserved 1114112K
  class space    used 5849K, committed 5952K, reserved 1048576K
}
Event: 2.897 GC heap after
{Heap after GC invocations=16 (full 0):
 garbage-first heap   total 67584K, used 47616K [0x0000000084a00000, 0x0000000100000000)
  region size 1024K, 1 young (1024K), 1 survivors (1024K)
 Metaspace       used 50635K, committed 50880K, reserved 1114112K
  class space    used 5849K, committed 5952K, reserved 1048576K
}
Event: 3.021 GC heap before
{Heap before GC invocations=17 (full 0):
 garbage-first heap   total 81920K, used 58880K [0x0000000084a00000, 0x0000000100000000)
  region size 1024K, 12 young (12288K), 1 survivors (1024K)
 Metaspace       used 51938K, committed 52224K, reserved 1114112K
  class space    used 6060K, committed 6208K, reserved 1048576K
}
Event: 3.027 GC heap after
{Heap after GC invocations=18 (full 0):
 garbage-first heap   total 81920K, used 50176K [0x0000000084a00000, 0x0000000100000000)
  region size 1024K, 2 young (2048K), 2 survivors (2048K)
 Metaspace       used 51938K, committed 52224K, reserved 1114112K
  class space    used 6060K, committed 6208K, reserved 1048576K
}
Event: 3.273 GC heap before
{Heap before GC invocations=18 (full 0):
 garbage-first heap   total 81920K, used 68608K [0x0000000084a00000, 0x0000000100000000)
  region size 1024K, 21 young (21504K), 2 survivors (2048K)
 Metaspace       used 52792K, committed 53056K, reserved 1114112K
  class space    used 6103K, committed 6208K, reserved 1048576K
}

