# JRE version: OpenJDK Runtime Environment (21.0.3) (build 21.0.3+-12282718-b509.11)
# Java VM: OpenJDK 64-Bit Server VM (21.0.3+-12282718-b509.11, mixed mode, tiered, compressed oops, compressed class ptrs, g1 gc, windows-amd64)
GC Precious Log:
 CardTable entry size: 512
 Card Set container configuration: InlinePtr #cards 5 size 8 Array Of Cards #cards 12 size 40 Howl #buckets 4 coarsen threshold 1843 Howl Bitmap #cards 512 size 80 coarsen threshold 460 Card regions per heap region 1 cards per card region 2048
 CPUs: 12 total, 12 available
 Memory: 7895M
 Large Page Support: Disabled
 NUMA Support: Disabled
 Compressed Oops: Enabled (32-bit)
 Heap Region Size: 1M
 Heap Min Capacity: 8M
 Heap Initial Capacity: 124M
 Heap Max Capacity: 2G
 Pre-touch: Disabled
 Parallel Workers: 10
 Concurrent Workers: 3
 Concurrent Refinement Workers: 10
 Periodic GC: Disabled
Heap:
 garbage-first heap   total 391168K, used 292956K [0x0000000080000000, 0x0000000100000000)
  region size 1024K, 71 young (72704K), 8 survivors (8192K)
 Metaspace       used 137749K, committed 139520K, reserved 1179648K
  class space    used 17612K, committed 18752K, reserved 1048576K
GC Heap History (20 events):
Event: 1890.181 GC heap before
{Heap before GC invocations=56 (full 0):
 garbage-first heap   total 322560K, used 249655K [0x0000000080000000, 0x0000000100000000)
  region size 1024K, 78 young (79872K), 5 survivors (5120K)
 Metaspace       used 127336K, committed 131136K, reserved 1179648K
  class space    used 16758K, committed 18304K, reserved 1048576K
}
Event: 1890.193 GC heap after
{Heap after GC invocations=57 (full 0):
 garbage-first heap   total 322560K, used 183296K [0x0000000080000000, 0x0000000100000000)
  region size 1024K, 10 young (10240K), 10 survivors (10240K)
 Metaspace       used 127336K, committed 131136K, reserved 1179648K
  class space    used 16758K, committed 18304K, reserved 1048576K
}
Event: 1916.289 GC heap before
{Heap before GC invocations=57 (full 0):
 garbage-first heap   total 322560K, used 293888K [0x0000000080000000, 0x0000000100000000)
  region size 1024K, 119 young (121856K), 10 survivors (10240K)
 Metaspace       used 127462K, committed 131136K, reserved 1179648K
  class space    used 16759K, committed 18304K, reserved 1048576K
}
Event: 1916.436 GC heap after
{Heap after GC invocations=58 (full 0):
 garbage-first heap   total 329728K, used 177468K [0x0000000080000000, 0x0000000100000000)
  region size 1024K, 15 young (15360K), 15 survivors (15360K)
 Metaspace       used 127462K, committed 131136K, reserved 1179648K
  class space    used 16759K, committed 18304K, reserved 1048576K
}
Event: 1923.036 GC heap before
{Heap before GC invocations=58 (full 0):
 garbage-first heap   total 329728K, used 295228K [0x0000000080000000, 0x0000000100000000)
  region size 1024K, 131 young (134144K), 15 survivors (15360K)
 Metaspace       used 127686K, committed 131200K, reserved 1179648K
  class space    used 16772K, committed 18304K, reserved 1048576K
}
Event: 1923.064 GC heap after
{Heap after GC invocations=59 (full 0):
 garbage-first heap   total 329728K, used 183362K [0x0000000080000000, 0x0000000100000000)
  region size 1024K, 14 young (14336K), 14 survivors (14336K)
 Metaspace       used 127686K, committed 131200K, reserved 1179648K
  class space    used 16772K, committed 18304K, reserved 1048576K
}
Event: 1926.371 GC heap before
{Heap before GC invocations=60 (full 0):
 garbage-first heap   total 329728K, used 289858K [0x0000000080000000, 0x0000000100000000)
  region size 1024K, 125 young (128000K), 14 survivors (14336K)
 Metaspace       used 129080K, committed 131840K, reserved 1179648K
  class space    used 16801K, committed 18368K, reserved 1048576K
}
Event: 1926.392 GC heap after
{Heap after GC invocations=61 (full 0):
 garbage-first heap   total 329728K, used 188744K [0x0000000080000000, 0x0000000100000000)
  region size 1024K, 16 young (16384K), 16 survivors (16384K)
 Metaspace       used 129080K, committed 131840K, reserved 1179648K
  class space    used 16801K, committed 18368K, reserved 1048576K
}
Event: 1928.401 GC heap before
{Heap before GC invocations=61 (full 0):
 garbage-first heap   total 329728K, used 303432K [0x0000000080000000, 0x0000000100000000)
  region size 1024K, 120 young (122880K), 16 survivors (16384K)
 Metaspace       used 129427K, committed 132096K, reserved 1179648K
  class space    used 16801K, committed 18368K, reserved 1048576K
}
Event: 1928.427 GC heap after
{Heap after GC invocations=62 (full 0):
 garbage-first heap   total 364544K, used 200495K [0x0000000080000000, 0x0000000100000000)
  region size 1024K, 15 young (15360K), 15 survivors (15360K)
 Metaspace       used 129427K, committed 132096K, reserved 1179648K
  class space    used 16801K, committed 18368K, reserved 1048576K
}
Event: 1929.853 GC heap before
{Heap before GC invocations=62 (full 0):
 garbage-first heap   total 364544K, used 316207K [0x0000000080000000, 0x0000000100000000)
  region size 1024K, 122 young (124928K), 15 survivors (15360K)
 Metaspace       used 132728K, committed 134656K, reserved 1179648K
  class space    used 17166K, committed 18432K, reserved 1048576K
}
Event: 1929.873 GC heap after
{Heap after GC invocations=63 (full 0):
 garbage-first heap   total 364544K, used 207872K [0x0000000080000000, 0x0000000100000000)
  region size 1024K, 11 young (11264K), 11 survivors (11264K)
 Metaspace       used 132728K, committed 134656K, reserved 1179648K
  class space    used 17166K, committed 18432K, reserved 1048576K
}
Event: 1929.987 GC heap before
{Heap before GC invocations=63 (full 0):
 garbage-first heap   total 364544K, used 220160K [0x0000000080000000, 0x0000000100000000)
  region size 1024K, 24 young (24576K), 11 survivors (11264K)
 Metaspace       used 133006K, committed 134848K, reserved 1179648K
  class space    used 17189K, committed 18432K, reserved 1048576K
}
Event: 1929.996 GC heap after
{Heap after GC invocations=64 (full 0):
 garbage-first heap   total 364544K, used 218269K [0x0000000080000000, 0x0000000100000000)
  region size 1024K, 10 young (10240K), 10 survivors (10240K)
 Metaspace       used 133006K, committed 134848K, reserved 1179648K
  class space    used 17189K, committed 18432K, reserved 1048576K
}
Event: 1930.446 GC heap before
{Heap before GC invocations=65 (full 0):
 garbage-first heap   total 391168K, used 341149K [0x0000000080000000, 0x0000000100000000)
  region size 1024K, 106 young (108544K), 10 survivors (10240K)
 Metaspace       used 134654K, committed 136448K, reserved 1179648K
  class space    used 17333K, committed 18496K, reserved 1048576K
}
Event: 1930.457 GC heap after
{Heap after GC invocations=66 (full 0):
 garbage-first heap   total 391168K, used 229195K [0x0000000080000000, 0x0000000100000000)
  region size 1024K, 14 young (14336K), 14 survivors (14336K)
 Metaspace       used 134654K, committed 136448K, reserved 1179648K
  class space    used 17333K, committed 18496K, reserved 1048576K
}
Event: 1930.782 GC heap before
{Heap before GC invocations=66 (full 0):
 garbage-first heap   total 391168K, used 336715K [0x0000000080000000, 0x0000000100000000)
  region size 1024K, 120 young (122880K), 14 survivors (14336K)
 Metaspace       used 136754K, committed 138560K, reserved 1179648K
  class space    used 17534K, committed 18688K, reserved 1048576K
}
Event: 1930.793 GC heap after
{Heap after GC invocations=67 (full 0):
 garbage-first heap   total 391168K, used 219136K [0x0000000080000000, 0x0000000100000000)
  region size 1024K, 8 young (8192K), 8 survivors (8192K)
 Metaspace       used 136754K, committed 138560K, reserved 1179648K
  class space    used 17534K, committed 18688K, reserved 1048576K
}
Event: 1930.865 GC heap before
{Heap before GC invocations=67 (full 0):
 garbage-first heap   total 391168K, used 238592K [0x0000000080000000, 0x0000000100000000)
  region size 1024K, 29 young (29696K), 8 survivors (8192K)
 Metaspace       used 137092K, committed 138816K, reserved 1179648K
  class space    used 17565K, committed 18688K, reserved 1048576K
}
Event: 1930.872 GC heap after
{Heap after GC invocations=68 (full 0):
 garbage-first heap   total 391168K, used 219228K [0x0000000080000000, 0x0000000100000000)
  region size 1024K, 8 young (8192K), 8 survivors (8192K)
 Metaspace       used 137092K, committed 138816K, reserved 1179648K
  class space    used 17565K, committed 18688K, reserved 1048576K
}

